[2023-04-0716:59:54] [ INFO ] [OdontologoService:95] Creando lista de odontologos...
[2023-04-0716:59:54] [ INFO ] [OdontologoService:101] Lista de odontologos creada.
[2023-04-0717:00:05] [ INFO ] [OdontologoService:31] Creando odontologo: OdontoloDTO(id=0, nombre=joaco, apellido=mosto, matricula=2321321)
[2023-04-0717:00:05] [ INFO ] [OdontologoService:34] Odontologo creado: Odontologo(id=1, nombre=joaco, apellido=mosto, matricula=2321321, turnos=null)
[2023-04-0717:00:09] [ INFO ] [OdontologoService:95] Creando lista de odontologos...
[2023-04-0717:00:09] [ INFO ] [OdontologoService:101] Lista de odontologos creada.
[2023-04-0717:00:11] [ INFO ] [OdontologoService:80] Eliminando odontologo con ID: 1
[2023-04-0717:00:11] [ INFO ] [OdontologoService:46] Buscando odontologo con ID: 1
[2023-04-0717:00:11] [ INFO ] [OdontologoService:49] Odontologo con ID: 1 encontrado.
[2023-04-0717:00:11] [ INFO ] [OdontologoService:83] Odontologo con ID: 1 eliminando.
[2023-04-0717:00:13] [ INFO ] [OdontologoService:80] Eliminando odontologo con ID: 222
[2023-04-0717:00:13] [ INFO ] [OdontologoService:46] Buscando odontologo con ID: 222
[2023-04-0717:00:13] [ INFO ] [OdontologoService:49] Odontologo con ID: 222 encontrado.
[2023-04-0717:00:13] [ INFO ] [OdontologoService:83] Odontologo con ID: 222 eliminando.
[2023-04-0719:49:51] [ INFO ] [OdontologoService:95] Creando lista de odontologos...
[2023-04-0719:49:51] [ INFO ] [OdontologoService:101] Lista de odontologos creada.
[2023-04-0719:50:00] [ INFO ] [OdontologoService:31] Creando odontologo: OdontoloDTO(id=0, nombre=joaquin, apellido=mosto, matricula=213213)
[2023-04-0719:50:00] [ INFO ] [OdontologoService:34] Odontologo creado: Odontologo(id=2, nombre=joaquin, apellido=mosto, matricula=213213, turnos=null)
[2023-04-0719:50:02] [ INFO ] [OdontologoService:95] Creando lista de odontologos...
[2023-04-0719:50:02] [ INFO ] [OdontologoService:101] Lista de odontologos creada.
[2023-04-0719:50:04] [ INFO ] [PacienteService:62] buscando todos los pacientes
[2023-04-0719:50:15] [ INFO ] [PacienteService:29] creando pacientecom.Proyecto.Clinica.model.PacienteDTO@5c282d96
[2023-04-0719:50:23] [ INFO ] [PacienteService:62] buscando todos los pacientes
[2023-04-0719:50:23] [ ERROR] [GlobalExceptionHandler:17] Cannot deserialize value of type `com.Proyecto.Clinica.model.PacienteDTO` from Array value (token `JsonToken.START_ARRAY`)
 at [Source: UNKNOWN; byte offset: #UNKNOWN]
[2023-04-0719:50:24] [ INFO ] [PacienteService:62] buscando todos los pacientes
[2023-04-0719:50:24] [ ERROR] [GlobalExceptionHandler:17] Cannot deserialize value of type `com.Proyecto.Clinica.model.PacienteDTO` from Array value (token `JsonToken.START_ARRAY`)
 at [Source: UNKNOWN; byte offset: #UNKNOWN]
[2023-04-0719:50:25] [ INFO ] [OdontologoService:95] Creando lista de odontologos...
[2023-04-0719:50:25] [ INFO ] [OdontologoService:101] Lista de odontologos creada.
[2023-04-0719:50:26] [ INFO ] [PacienteService:62] buscando todos los pacientes
[2023-04-0719:50:26] [ ERROR] [GlobalExceptionHandler:17] Cannot deserialize value of type `com.Proyecto.Clinica.model.PacienteDTO` from Array value (token `JsonToken.START_ARRAY`)
 at [Source: UNKNOWN; byte offset: #UNKNOWN]
[2023-04-0719:50:37] [ INFO ] [PacienteService:29] creando pacientecom.Proyecto.Clinica.model.PacienteDTO@74c0b7c7
[2023-04-0719:50:42] [ INFO ] [PacienteService:62] buscando todos los pacientes
[2023-04-0719:50:42] [ ERROR] [GlobalExceptionHandler:17] Cannot deserialize value of type `com.Proyecto.Clinica.model.PacienteDTO` from Array value (token `JsonToken.START_ARRAY`)
 at [Source: UNKNOWN; byte offset: #UNKNOWN]
[2023-04-0719:50:44] [ INFO ] [PacienteService:62] buscando todos los pacientes
[2023-04-0719:50:44] [ ERROR] [GlobalExceptionHandler:17] Cannot deserialize value of type `com.Proyecto.Clinica.model.PacienteDTO` from Array value (token `JsonToken.START_ARRAY`)
 at [Source: UNKNOWN; byte offset: #UNKNOWN]
[2023-04-0719:50:50] [ INFO ] [PacienteService:62] buscando todos los pacientes
[2023-04-0719:50:50] [ ERROR] [GlobalExceptionHandler:17] Cannot deserialize value of type `com.Proyecto.Clinica.model.PacienteDTO` from Array value (token `JsonToken.START_ARRAY`)
 at [Source: UNKNOWN; byte offset: #UNKNOWN]
[2023-04-0719:57:08] [ INFO ] [OdontologoService:74] Creando lista de odontologos...
[2023-04-0719:57:08] [ INFO ] [OdontologoService:80] Lista de odontologos creada.
[2023-04-0719:57:10] [ INFO ] [PacienteService:74] Creando lista de pacientes...
[2023-04-0719:57:10] [ INFO ] [PacienteService:80] Lista de pacientes creada.
[2023-04-0719:57:21] [ INFO ] [PacienteService:27] Creando paciente: com.Proyecto.Clinica.model.PacienteDTO@31a1448c
[2023-04-0719:57:21] [ INFO ] [PacienteService:30] Paciente creado: com.Proyecto.Clinica.model.Paciente@207e8f97
[2023-04-0719:57:24] [ INFO ] [PacienteService:74] Creando lista de pacientes...
[2023-04-0719:57:24] [ INFO ] [PacienteService:80] Lista de pacientes creada.
[2023-04-0719:57:24] [ INFO ] [PacienteService:74] Creando lista de pacientes...
[2023-04-0719:57:24] [ INFO ] [PacienteService:80] Lista de pacientes creada.
[2023-04-0719:57:24] [ INFO ] [PacienteService:74] Creando lista de pacientes...
[2023-04-0719:57:24] [ INFO ] [PacienteService:80] Lista de pacientes creada.
[2023-04-0719:57:25] [ INFO ] [PacienteService:74] Creando lista de pacientes...
[2023-04-0719:57:25] [ INFO ] [PacienteService:80] Lista de pacientes creada.
[2023-04-0719:57:25] [ INFO ] [PacienteService:74] Creando lista de pacientes...
[2023-04-0719:57:25] [ INFO ] [PacienteService:80] Lista de pacientes creada.
[2023-04-0719:57:25] [ INFO ] [PacienteService:74] Creando lista de pacientes...
[2023-04-0719:57:25] [ INFO ] [PacienteService:80] Lista de pacientes creada.
[2023-04-0719:57:25] [ INFO ] [PacienteService:74] Creando lista de pacientes...
[2023-04-0719:57:25] [ INFO ] [PacienteService:80] Lista de pacientes creada.
[2023-04-0719:57:25] [ INFO ] [PacienteService:74] Creando lista de pacientes...
[2023-04-0719:57:25] [ INFO ] [PacienteService:80] Lista de pacientes creada.
[2023-04-0719:58:35] [ INFO ] [PacienteService:27] Creando paciente: com.Proyecto.Clinica.model.PacienteDTO@5d76d73a
[2023-04-0719:58:35] [ INFO ] [PacienteService:30] Paciente creado: com.Proyecto.Clinica.model.Paciente@1e5a9aef
[2023-04-0719:58:37] [ INFO ] [OdontologoService:74] Creando lista de odontologos...
[2023-04-0719:58:37] [ INFO ] [OdontologoService:80] Lista de odontologos creada.
[2023-04-0719:58:39] [ INFO ] [PacienteService:74] Creando lista de pacientes...
[2023-04-0719:58:39] [ INFO ] [PacienteService:80] Lista de pacientes creada.
[2023-04-0719:58:39] [ INFO ] [PacienteService:74] Creando lista de pacientes...
[2023-04-0719:58:39] [ INFO ] [PacienteService:80] Lista de pacientes creada.
[2023-04-0719:58:40] [ INFO ] [PacienteService:74] Creando lista de pacientes...
[2023-04-0719:58:40] [ INFO ] [PacienteService:80] Lista de pacientes creada.
[2023-04-0719:58:40] [ INFO ] [PacienteService:74] Creando lista de pacientes...
[2023-04-0719:58:40] [ INFO ] [PacienteService:80] Lista de pacientes creada.
[2023-04-0719:58:40] [ INFO ] [PacienteService:74] Creando lista de pacientes...
[2023-04-0719:58:40] [ INFO ] [PacienteService:80] Lista de pacientes creada.
[2023-04-0719:58:40] [ INFO ] [PacienteService:74] Creando lista de pacientes...
[2023-04-0719:58:40] [ INFO ] [PacienteService:80] Lista de pacientes creada.
[2023-04-0719:58:41] [ INFO ] [OdontologoService:74] Creando lista de odontologos...
[2023-04-0719:58:41] [ INFO ] [OdontologoService:80] Lista de odontologos creada.
[2023-04-0720:04:28] [ INFO ] [OdontologoService:74] Creando lista de odontologos...
[2023-04-0720:04:29] [ INFO ] [OdontologoService:80] Lista de odontologos creada.
[2023-04-0720:04:33] [ INFO ] [OdontologoService:27] Creando odontologo: OdontoloDTO(id=0, nombre=joaquin, apellido=mosto, matricula=213213)
[2023-04-0720:04:33] [ INFO ] [OdontologoService:30] Odontologo creado: Odontologo(id=1, nombre=joaquin, apellido=mosto, matricula=213213, turnos=null)
[2023-04-0720:04:35] [ INFO ] [OdontologoService:74] Creando lista de odontologos...
[2023-04-0720:04:35] [ INFO ] [OdontologoService:80] Lista de odontologos creada.
[2023-04-0720:04:37] [ INFO ] [PacienteService:74] Creando lista de pacientes...
[2023-04-0720:04:37] [ INFO ] [PacienteService:80] Lista de pacientes creada.
[2023-04-0720:04:46] [ INFO ] [PacienteService:27] Creando paciente: com.Proyecto.Clinica.model.PacienteDTO@7eff266f
[2023-04-0720:04:46] [ INFO ] [PacienteService:30] Paciente creado: com.Proyecto.Clinica.model.Paciente@fe0e34
[2023-04-0720:04:48] [ INFO ] [PacienteService:74] Creando lista de pacientes...
[2023-04-0720:04:48] [ INFO ] [PacienteService:80] Lista de pacientes creada.
[2023-04-0720:04:49] [ INFO ] [PacienteService:74] Creando lista de pacientes...
[2023-04-0720:04:49] [ INFO ] [PacienteService:80] Lista de pacientes creada.
[2023-04-0720:04:50] [ INFO ] [PacienteService:74] Creando lista de pacientes...
[2023-04-0720:04:50] [ INFO ] [PacienteService:80] Lista de pacientes creada.
[2023-04-0720:04:52] [ INFO ] [OdontologoService:74] Creando lista de odontologos...
[2023-04-0720:04:52] [ INFO ] [OdontologoService:80] Lista de odontologos creada.
[2023-04-0720:04:58] [ INFO ] [PacienteService:74] Creando lista de pacientes...
[2023-04-0720:04:58] [ INFO ] [PacienteService:80] Lista de pacientes creada.
[2023-04-0720:05:02] [ INFO ] [OdontologoService:74] Creando lista de odontologos...
[2023-04-0720:05:02] [ INFO ] [OdontologoService:80] Lista de odontologos creada.
[2023-04-0720:05:06] [ INFO ] [PacienteService:74] Creando lista de pacientes...
[2023-04-0720:05:06] [ INFO ] [PacienteService:80] Lista de pacientes creada.
[2023-04-0720:17:20] [ INFO ] [OdontologoService:74] Creando lista de odontologos...
[2023-04-0720:17:20] [ INFO ] [OdontologoService:80] Lista de odontologos creada.
[2023-04-0720:17:25] [ INFO ] [OdontologoService:27] Creando odontologo: OdontoloDTO(id=0, nombre=joaquin, apellido=mosto, matricula=213213)
[2023-04-0720:17:26] [ INFO ] [OdontologoService:30] Odontologo creado: Odontologo(id=1, nombre=joaquin, apellido=mosto, matricula=213213, turnos=null)
[2023-04-0720:17:27] [ INFO ] [PacienteService:74] Creando lista de pacientes...
[2023-04-0720:17:27] [ INFO ] [PacienteService:80] Lista de pacientes creada.
[2023-04-0720:17:37] [ INFO ] [PacienteService:27] Creando paciente: PacienteDTO(id=0, nombre=joaquin, apellido=mosto, dni=44695051, fecha_ingreso=Wed Dec 31 21:53:33 ART 1969)
[2023-04-0720:17:37] [ INFO ] [PacienteService:30] Paciente creado: com.Proyecto.Clinica.model.Paciente@35d5047d
[2023-04-0720:17:41] [ INFO ] [PacienteService:74] Creando lista de pacientes...
[2023-04-0720:17:41] [ INFO ] [PacienteService:80] Lista de pacientes creada.
[2023-04-0720:17:43] [ INFO ] [OdontologoService:74] Creando lista de odontologos...
[2023-04-0720:17:43] [ INFO ] [OdontologoService:80] Lista de odontologos creada.
